c:\users\administrator\desktop\whl\chengxuw\us_ar_spline_1.001\x64\debug\uic\ui_ar.h
c:\users\administrator\desktop\whl\chengxuw\us_ar_spline_1.001\x64\debug\rcc\qrc_ar.cpp
c:\users\administrator\desktop\whl\chengxuw\us_ar_spline_1.001\x64\debug\rcc\qrc_my_resource.cpp
c:\users\administrator\desktop\whl\chengxuw\us_ar_spline_1.001\x64\debug\moc\moc_ar.cpp
c:\users\administrator\desktop\whl\chengxuw\us_ar_spline_1.001\x64\debug\moc\moc_calibration.cpp
c:\users\administrator\desktop\whl\chengxuw\us_ar_spline_1.001\x64\debug\moc\moc_myrenderwindow.cpp
c:\users\administrator\desktop\whl\chengxuw\us_ar_spline_1.001\x64\debug\moc_myrenderwindow.obj
c:\users\administrator\desktop\whl\chengxuw\us_ar_spline_1.001\x64\debug\moc_ar.obj
c:\users\administrator\desktop\whl\chengxuw\us_ar_spline_1.001\x64\debug\qrc_my_resource.obj
c:\users\administrator\desktop\whl\chengxuw\us_ar_spline_1.001\x64\debug\qrc_ar.obj
c:\users\administrator\desktop\whl\chengxuw\us_ar_spline_1.001\x64\debug\moc_calibration.obj
c:\users\administrator\desktop\whl\chengxuw\us_ar_spline_1.001\x64\debug\uqicpregister.obj
c:\users\administrator\desktop\whl\chengxuw\us_ar_spline_1.001\x64\debug\myvector3.obj
c:\users\administrator\desktop\whl\chengxuw\us_ar_spline_1.001\x64\debug\axeshelper.obj
c:\users\administrator\desktop\whl\chengxuw\us_ar_spline_1.001\x64\debug\globalvar.obj
c:\users\administrator\desktop\whl\chengxuw\us_ar_spline_1.001\x64\debug\ndiapi.obj
c:\users\administrator\desktop\whl\chengxuw\us_ar_spline_1.001\x64\debug\mygroup.obj
c:\users\administrator\desktop\whl\chengxuw\us_ar_spline_1.001\x64\debug\calibration.obj
c:\users\administrator\desktop\whl\chengxuw\us_ar_spline_1.001\x64\debug\pickhighlight.obj
c:\users\administrator\desktop\whl\chengxuw\us_ar_spline_1.001\x64\debug\myrenderwindow.obj
c:\users\administrator\desktop\whl\chengxuw\us_ar_spline_1.001\x64\debug\main.obj
c:\users\administrator\desktop\whl\chengxuw\us_ar_spline_1.001\x64\debug\ar.obj
c:\users\administrator\desktop\whl\chengxuw\us_ar_spline_1.001\x64\debug\vc141.pdb
c:\users\administrator\desktop\whl\chengxuw\us_ar_spline_1.001\x64\debug\ar.exe
c:\users\administrator\desktop\whl\chengxuw\us_ar_spline_1.001\x64\debug\ar.ilk
c:\users\administrator\desktop\whl\chengxuw\us_ar_spline_1.001\x64\debug\ar.pdb
c:\users\administrator\desktop\whl\chengxuw\us_ar_spline_1.001\x64\debug\ar1.res
c:\users\administrator\desktop\whl\chengxuw\us_ar_spline_1.001\x64\debug\ar.tlog\ar.write.1u.tlog
c:\users\administrator\desktop\whl\chengxuw\us_ar_spline_1.001\x64\debug\ar.tlog\cl.10668.write.1.tlog
c:\users\administrator\desktop\whl\chengxuw\us_ar_spline_1.001\x64\debug\ar.tlog\cl.command.1.tlog
c:\users\administrator\desktop\whl\chengxuw\us_ar_spline_1.001\x64\debug\ar.tlog\cl.read.1.tlog
c:\users\administrator\desktop\whl\chengxuw\us_ar_spline_1.001\x64\debug\ar.tlog\link.command.1.tlog
c:\users\administrator\desktop\whl\chengxuw\us_ar_spline_1.001\x64\debug\ar.tlog\link.read.1.tlog
c:\users\administrator\desktop\whl\chengxuw\us_ar_spline_1.001\x64\debug\ar.tlog\link.write.1.tlog
c:\users\administrator\desktop\whl\chengxuw\us_ar_spline_1.001\x64\debug\ar.tlog\moc.read.1u.tlog
c:\users\administrator\desktop\whl\chengxuw\us_ar_spline_1.001\x64\debug\ar.tlog\moc.write.1u.tlog
c:\users\administrator\desktop\whl\chengxuw\us_ar_spline_1.001\x64\debug\ar.tlog\rc.command.1.tlog
c:\users\administrator\desktop\whl\chengxuw\us_ar_spline_1.001\x64\debug\ar.tlog\rc.read.1.tlog
c:\users\administrator\desktop\whl\chengxuw\us_ar_spline_1.001\x64\debug\ar.tlog\rc.write.1.tlog
c:\users\administrator\desktop\whl\chengxuw\us_ar_spline_1.001\x64\debug\ar.tlog\rcc.read.1u.tlog
c:\users\administrator\desktop\whl\chengxuw\us_ar_spline_1.001\x64\debug\ar.tlog\rcc.write.1u.tlog
c:\users\administrator\desktop\whl\chengxuw\us_ar_spline_1.001\x64\debug\ar.tlog\uic.read.1u.tlog
c:\users\administrator\desktop\whl\chengxuw\us_ar_spline_1.001\x64\debug\ar.tlog\uic.write.1u.tlog
